u'{"time":"2019-04-09 10:22:53,774","name":"root","level": "ERROR","module": "views","line": "56","message": "Error tokenizing data. C error: Expected 1 fields in line 8, saw 3
"}'
u'{"time":"2019-04-09 10:24:10,519","name":"root","level": "ERROR","module": "views","line": "56","message": "Error tokenizing data. C error: Expected 1 fields in line 8, saw 3
"}'
u'{"time":"2019-04-09 10:24:32,084","name":"root","level": "ERROR","module": "views","line": "56","message": "Error tokenizing data. C error: Expected 1 fields in line 8, saw 3
"}'
u'{"time":"2019-04-09 13:19:43,468","name":"root","level": "ERROR","module": "views","line": "60","message": "'utf-8' codec can't decode bytes in position 0-1: invalid continuation byte"}'
u'{"time":"2019-04-10 10:39:58,210","name":"root","level": "ERROR","module": "base","line": "60","message": "'collections.defaultdict' object has no attribute 'iloc'"}'
u'{"time":"2019-04-10 10:44:11,256","name":"root","level": "ERROR","module": "base","line": "59","message": "Execution failed on sql 'SELECT name FROM sqlite_master WHERE type='table' AND name=?;': ('42S02', "[42S02] [Microsoft][ODBC Driver 17 for SQL Server][SQL Server]Invalid object name 'sqlite_master'. (208) (SQLExecDirectW)")"}'
u'{"time":"2019-04-10 10:50:23,159","name":"root","level": "ERROR","module": "base","line": "59","message": "Execution failed on sql 'SELECT name FROM sqlite_master WHERE type='table' AND name=?;': ('42S02', "[42S02] [Microsoft][ODBC Driver 17 for SQL Server][SQL Server]Invalid object name 'sqlite_master'. (208) (SQLExecDirectW)")"}'
u'{"time":"2019-04-10 10:50:55,287","name":"root","level": "ERROR","module": "base","line": "60","message": "Execution failed on sql 'SELECT name FROM sqlite_master WHERE type='table' AND name=?;': ('42S02', "[42S02] [Microsoft][ODBC Driver 17 for SQL Server][SQL Server]Invalid object name 'sqlite_master'. (208) (SQLExecDirectW)")"}'
u'{"time":"2019-04-10 12:44:42,764","name":"root","level": "ERROR","module": "base","line": "59","message": "Execution failed on sql 'SELECT name FROM sqlite_master WHERE type='table' AND name=?;': ('42S02', "[42S02] [Microsoft][ODBC Driver 17 for SQL Server][SQL Server]Invalid object name 'sqlite_master'. (208) (SQLExecDirectW)")"}'
u'{"time":"2019-04-10 14:14:31,246","name":"root","level": "ERROR","module": "base","line": "59","message": "Execution failed on sql 'SELECT name FROM sqlite_master WHERE type='table' AND name=?;': ('42S02', "[42S02] [Microsoft][ODBC Driver 17 for SQL Server][SQL Server]Invalid object name 'sqlite_master'. (208) (SQLExecDirectW)")"}'
u'{"time":"2019-04-11 12:16:17,214","name":"root","level": "ERROR","module": "views","line": "72","message": "Unsupported media type "text/plain;charset=UTF-8" in request."}'
u'{"time":"2019-04-12 10:29:51,431","name":"root","level": "ERROR","module": "base","line": "59","message": "Execution failed on sql 'SELECT name FROM sqlite_master WHERE type='table' AND name=?;': ('42S02', "[42S02] [Microsoft][ODBC Driver 17 for SQL Server][SQL Server]Invalid object name 'sqlite_master'. (208) (SQLExecDirectW)")"}'
u'{"time":"2019-04-14 04:07:24,719","name":"root","level": "ERROR","module": "views","line": "72","message": "'post_type'"}'
u'{"time":"2019-04-14 04:55:16,238","name":"root","level": "ERROR","module": "views","line": "72","message": "'post_type'"}'
u'{"time":"2019-04-14 04:55:36,363","name":"root","level": "ERROR","module": "views","line": "72","message": "'post_type'"}'
u'{"time":"2019-04-15 05:05:00,647","name":"root","level": "ERROR","module": "base","line": "43","message": "name 'urllib' is not defined"}'
u'{"time":"2019-04-15 05:05:00,648","name":"root","level": "ERROR","module": "views","line": "72","message": "'NameError' object has no attribute 'cursor'"}'
u'{"time":"2019-04-15 05:08:23,450","name":"root","level": "ERROR","module": "base","line": "43","message": "name 'urllib' is not defined"}'
u'{"time":"2019-04-15 05:08:23,450","name":"root","level": "ERROR","module": "views","line": "72","message": "'NameError' object has no attribute 'cursor'"}'
u'{"time":"2019-04-15 05:38:36,905","name":"root","level": "ERROR","module": "views","line": "72","message": "Unsupported media type "text/plain" in request."}'
u'{"time":"2019-04-15 05:42:24,069","name":"root","level": "ERROR","module": "views","line": "72","message": "Unsupported media type "text/plain" in request."}'
u'{"time":"2019-04-15 05:42:51,761","name":"root","level": "ERROR","module": "views","line": "72","message": "'post_type'"}'
u'{"time":"2019-04-15 05:44:48,792","name":"root","level": "ERROR","module": "views","line": "73","message": "'post_type'"}'
u'{"time":"2019-04-15 05:54:05,591","name":"root","level": "ERROR","module": "views","line": "73","message": "'post_type'"}'
u'{"time":"2019-04-15 05:54:39,241","name":"root","level": "ERROR","module": "views","line": "73","message": "list indices must be integers or slices, not str"}'
u'{"time":"2019-04-15 06:10:43,468","name":"root","level": "ERROR","module": "views","line": "73","message": "list indices must be integers or slices, not str"}'
